<?xml version="1.0" encoding="UTF-8"?>
<testng-results skipped="0" failed="0" ignored="0" total="1" passed="1">
  <reporter-output>
  </reporter-output>
  <suite name="FireflyAutomation" duration-ms="44" started-at="2019-06-24T09:10:16Z" finished-at="2019-06-24T09:10:16Z">
    <groups>
    </groups>
    <test name="practicel" duration-ms="44" started-at="2019-06-24T09:10:16Z" finished-at="2019-06-24T09:10:16Z">
      <class name="FireflyAutomation.com.Practice10nTestNG">
        <test-method status="PASS" signature="test(java.lang.String)[pri:0, instance:FireflyAutomation.com.Practice10nTestNG@58651fd0]" name="test" duration-ms="11" started-at="2019-06-24T09:10:16Z" finished-at="2019-06-24T09:10:16Z">
          <params>
            <param index="0">
              <value>
                <![CDATA[\tool\test.properties]]>
              </value>
            </param>
          </params>
          <reporter-output>
          </reporter-output>
        </test-method> <!-- test -->
      </class> <!-- FireflyAutomation.com.Practice10nTestNG -->
    </test> <!-- practicel -->
  </suite> <!-- FireflyAutomation -->
</testng-results>
